
> moccet-new@0.1.0 build
> next build

   ▲ Next.js 15.5.3
   - Environments: .env.local

   Creating an optimized production build ...
Failed to compile.

./app/api/generate-lifestyle-integration/route.ts
Error:   [31mx[0m Expected a semicolon
     ,-[[36;1;4m/Users/sofianyoussef/Desktop/moccet/moccet-new/app/api/generate-lifestyle-integration/route.ts[0m:308:1]
 [2m305[0m | - Example: "Sleep Window — 10:30 PM to 6:30 AM" or "Sleep Window. 10:30 PM to 6:30 AM"
 [2m306[0m | `;
 [2m307[0m | 
 [2m308[0m |     const systemPrompt = unifiedContext ? buildSystemPrompt() : 'You are an expert longevity coach creating hyper-personalized lifestyle integration plans. Always respond with valid JSON only. Be specific and reference the user's actual data points.';
     : [35;1m                                                                                                                                                                                                                                    ^[0m
 [2m309[0m | 
 [2m310[0m |     console.log(`[OK] Using ${unifiedContext ? 'ECOSYSTEM-ENRICHED' : 'STANDARD'} prompt`);
     `----
  [31mx[0m Unterminated string constant
     ,-[[36;1;4m/Users/sofianyoussef/Desktop/moccet/moccet-new/app/api/generate-lifestyle-integration/route.ts[0m:308:1]
 [2m305[0m | - Example: "Sleep Window — 10:30 PM to 6:30 AM" or "Sleep Window. 10:30 PM to 6:30 AM"
 [2m306[0m | `;
 [2m307[0m | 
 [2m308[0m |     const systemPrompt = unifiedContext ? buildSystemPrompt() : 'You are an expert longevity coach creating hyper-personalized lifestyle integration plans. Always respond with valid JSON only. Be specific and reference the user's actual data points.';
     : [35;1m                                                                                                                                                                                                                                                         ^^[0m
 [2m309[0m | 
 [2m310[0m |     console.log(`[OK] Using ${unifiedContext ? 'ECOSYSTEM-ENRICHED' : 'STANDARD'} prompt`);
     `----

Caused by:
    Syntax Error

Import trace for requested module:
./app/api/generate-lifestyle-integration/route.ts


> Build failed because of webpack errors
